1701411388309:help
1701411404507:quit
1701414523550:hello
1701418640764:help
1701418650069:slay-the-spire
1701418795509:as
1701418905689:slay-the-spire
1701418919565:help
1701419322851:slay-the-spire
1701419326937:game start
1701420627420:slay-the-spire
1701420636635:game start
1701421046517:help
1701421051508:help game
1701421096773:game --help
1701421230800:help
1701421235295:help game
1701421258354:game --dest --help
1701421506113:help
1701421521167:help stacktrace
1701421532592:help game
1701421546337:game --help
1701421553519:game -h
1701422792778:help
1701422795833:help game
1701422968307:help
1701422973373:help game
1701422991762:clear
1701422992959:cls
1701422998858:game --help
1701652271987:gam
1701652273415:game
1701652277523:game start
1701652282297:game contitnue
1701652290330:game continue
1701652292952:cls
1701652294592:clear
1701658222345:play
1701658226601:game
1701658229891:game contitnue
1701658233156:game continue
1701658304987:game
1701658308657:game give up
1701658312739:game continue
1701658315546:game start
1701658444635:game continue
1701658475309:play
1701658478795:game start
1701658481218:cls
1701658482419:clear
1701658487930:help
1701658496939:exit
1701658571005:game start
1701658611295:quit
1701659027617:as
1701659030241:help
1701659549733:QUIT
1701659551484:quit
1701854012657:game contitnue
1701854018479:game continue
1701854088205:game start
1701854095575:stacktrace
1701854434134:game start
1701856239683:quit
1701856290070:game start
1701856445754:g 101
1701856470514:game start
1701856478162:play
1701913079913:sh
1701913084113:help
1701913794782:sh
1701913802790:game start
1701913812215:show
1701915723091:sh
1701915727278:game start
1701915731966:show
1701915734805:sh potions
1701915911472:game start
1701915913629:sh
1701915917134:sh brief
1701915920991:sh role
1701915924293:sh keys
1701915948279:sh potions
1701915961340:quitr
1701916714964:game start
1701916720937:sh keys
1701916752337:sh
1701916759618:play
1701916767481:help
1701916805898:sh brief
1701916811592:sh relics
1701916815985:sh role
1701916819745:sh decks
1701917463503:help
1701917472302:game
1701917474911:game start
1701917480918:sh
1701917488590:show
1701917570894:game
1701917573997:show
1701917943012:help
1701917996211:sh
1701917998147:show
1701918003340:show brief
1701918044901:sh
1701918046875:show
1701918080286:sh brief
1701918510514:sh
1701918513433:game
1701918516080:game start
1701918517193:sh
1701918520457:sh brief
1701918524680:sh role
1701918529412:show potions
1701918679368:foo
1701918681842:foo bar
1701918684328:f bar
1701918734298:foo bar
1701918739768:foo b
1701918752464:f bar
1701918754832:f b
1701919282358:game
1701919284718:game start
1701919286014:game
1701919290894:quit
1701919822309:sh
1701919832372:show
1701919836252:game start
1701919838354:sh
1701919839714:show
1701919843125:sh role
1701919844651:sh
1701920002259:foo
1701920003577:f
1701920008955:foo bar
1701920033684:foo
1701920035200:f
1701920152757:foo bar
1701920154632:f b
1701920156112:foo
1701920158408:f
1701927857466:foo
1701927859234:f
1701927969319:show
1701927972613:game start
1701927976196:show
1701927979939:sh position
1701927992906:quit
1701929080368:game start
1701929149989:quit
1701930316545:game
1701930331337:game start
1701930335767:show
1701930347376:sh relics
1701930355023:sh relics -v
1701930400246:quit
1701932343199:game start
1701932349829:show
1701932357982:sh relic
1701932362757:sh relic -v
1701932376078:sh positon
1701932385463:sh position
1701932389830:sh potion
1701932394717:sh role
1701935489882:game start
1701935494111:show
1701935496816:sh deck
1701997541590:game
1701997543987:game start
1701997546867:show
1701997550378:sh deck
1701997573323:sh deck -v
1701997627386:sh
1701997629242:show
1701997632954:game start
1701997634233:sh
1701997636825:show
1701997642982:show deck -v
1701997650283:show deck
1701997788795:game start
1701997791563:show deck
1701997796339:show deck -v
1701997903618:help
1701997910913:show
1701997922297:show -h
1701997926626:game start
1701997929043:show -h
1701997947850:show deck -h
1701997982113:quit
1701999812219:help
1701999820741:component single
1701999836180:stacktrace
1701999998294:component string
1702000123259:flow showcase1
1702000613506:component string
1702000767673:flow showcase1
